<?xml version="1.0" encoding="UTF-8"?>
<testsuite name="com.debug.KotlinDebugTest" tests="1" skipped="0" failures="0" errors="0" timestamp="2018-09-20T17:19:46" hostname="clasalle-mbp" time="0.002">
  <properties/>
  <testcase name="testKotlinJarBug" classname="com.debug.KotlinDebugTest" time="0.002"/>
  <system-out><![CDATA[invoking testKotlinJarBug()
test 1
test 2
test 3
]]></system-out>
  <system-err><![CDATA[]]></system-err>
</testsuite>
